<?xml version="1.0" encoding="utf-8" standalone="yes"?>
<feed xmlns="http://www.w3.org/2005/Atom"
      xmlns:dc="http://purl.org/dc/elements/1.1/"
      xmlns:flickr="urn:flickr:user"
      xmlns:media="http://search.yahoo.com/mrss/">

  <title>Uploads from everyone</title>
  <link rel="self" href="http://api.flickr.com/services/feeds/photos_public.gne" />
  <link rel="alternate" type="text/html" href="http://www.flickr.com/photos/"/>
  <id>tag:flickr.com,2005:/photos/public</id>
  <icon>https://s.yimg.com/pw/images/buddyicon.gif</icon>
  <subtitle></subtitle>
  <updated>2014-02-23T21:22:48Z</updated>
  <generator uri="http://www.flickr.com/">Flickr</generator>

<entry>
    <title>IMG_6900</title>
    <link rel="alternate" type="text/html" href="http://www.flickr.com/photos/24917258@N05/12729534905/"/>
    <id>tag:flickr.com,2005:/photo/12729534905</id>
    <published>2014-02-23T21:22:48Z</published>
    <updated>2014-02-23T21:22:48Z</updated>
    <flickr:date_taken>2013-09-18T14:18:26-08:00</flickr:date_taken>
    <dc:date.Taken>2013-09-18T14:18:26-08:00</dc:date.Taken>
    <content type="html">			&lt;p&gt;&lt;a href=&quot;http://www.flickr.com/people/24917258@N05/&quot;&gt;Andy E. Nystrom&lt;/a&gt; posted a photo:&lt;/p&gt;
	
&lt;p&gt;&lt;a href=&quot;http://www.flickr.com/photos/24917258@N05/12729534905/&quot; title=&quot;IMG_6900&quot;&gt;&lt;img src=&quot;https://farm3.staticflickr.com/2844/12729534905_36b48c4944_m.jpg&quot; width=&quot;240&quot; height=&quot;180&quot; alt=&quot;IMG_6900&quot; /&gt;&lt;/a&gt;&lt;/p&gt;

&lt;p&gt;Niagara Falls State Park &lt;br /&gt;
&lt;br /&gt;
- Green Island&lt;/p&gt;</content>
    <author>
      <name>Andy E. Nystrom</name>
      <uri>http://www.flickr.com/people/24917258@N05/</uri>
      <flickr:nsid>24917258@N05</flickr:nsid>
      <flickr:buddyicon>https://s.yimg.com/pw/images/buddyicon10.png#24917258@N05</flickr:buddyicon>
    </author>
    <link rel="license" type="text/html" href="http://creativecommons.org/licenses/by-nc-nd/2.0/deed.en" />
    <link rel="enclosure" type="image/jpeg" href="https://farm3.staticflickr.com/2844/12729534905_36b48c4944_b.jpg" />
    <category term="ny" scheme="http://www.flickr.com/photos/tags/" />
    <category term="newyork" scheme="http://www.flickr.com/photos/tags/" />
    <category term="niagarafalls" scheme="http://www.flickr.com/photos/tags/" />
    <displaycategories>
            </displaycategories>
    </entry>

<entry>
    <title>Red Bull Crashed Ice 2014_43547.jpg</title>
    <link rel="alternate" type="text/html" href="http://www.flickr.com/photos/mully410/12729535075/"/>
    <id>tag:flickr.com,2005:/photo/12729535075</id>
    <published>2014-02-23T21:22:48Z</published>
    <updated>2014-02-23T21:22:48Z</updated>
    <flickr:date_taken>2014-02-22T19:37:16-08:00</flickr:date_taken>
    <dc:date.Taken>2014-02-22T19:37:16-08:00</dc:date.Taken>
    <content type="html">			&lt;p&gt;&lt;a href=&quot;http://www.flickr.com/people/mully410/&quot;&gt;Mully410 * Images&lt;/a&gt; posted a photo:&lt;/p&gt;
	
&lt;p&gt;&lt;a href=&quot;http://www.flickr.com/photos/mully410/12729535075/&quot; title=&quot;Red Bull Crashed Ice 2014_43547.jpg&quot;&gt;&lt;img src=&quot;https://farm4.staticflickr.com/3725/12729535075_6d64615280_m.jpg&quot; width=&quot;240&quot; height=&quot;160&quot; alt=&quot;Red Bull Crashed Ice 2014_43547.jpg&quot; /&gt;&lt;/a&gt;&lt;/p&gt;

&lt;p&gt;Red Bull Crashed Ice 2014 - Photo Obtained with Permission from Red Bull Media - Use prohibited without prior permission.&lt;/p&gt;</content>
    <author>
      <name>Mully410 * Images</name>
      <uri>http://www.flickr.com/people/mully410/</uri>
      <flickr:nsid>27035780@N08</flickr:nsid>
      <flickr:buddyicon>https://farm6.staticflickr.com/5323/buddyicons/27035780@N08.jpg?1369095756#27035780@N08</flickr:buddyicon>
    </author>
    <link rel="enclosure" type="image/jpeg" href="https://farm4.staticflickr.com/3725/12729535075_6d64615280_b.jpg" />
    <category term="winter" scheme="http://www.flickr.com/photos/tags/" />
    <category term="usa" scheme="http://www.flickr.com/photos/tags/" />
    <category term="snow" scheme="http://www.flickr.com/photos/tags/" />
    <category term="cold" scheme="http://www.flickr.com/photos/tags/" />
    <category term="ice" scheme="http://www.flickr.com/photos/tags/" />
    <category term="minnesota" scheme="http://www.flickr.com/photos/tags/" />
    <category term="skating" scheme="http://www.flickr.com/photos/tags/" />
    <category term="stpaul" scheme="http://www.flickr.com/photos/tags/" />
    <category term="can" scheme="http://www.flickr.com/photos/tags/" />
    <category term="skaters" scheme="http://www.flickr.com/photos/tags/" />
    <category term="redbull" scheme="http://www.flickr.com/photos/tags/" />
    <category term="2014" scheme="http://www.flickr.com/photos/tags/" />
    <category term="crashedice" scheme="http://www.flickr.com/photos/tags/" />
    <category term="icecross" scheme="http://www.flickr.com/photos/tags/" />
    <category term="doughughes" scheme="http://www.flickr.com/photos/tags/" />
    <category term="brunorichard" scheme="http://www.flickr.com/photos/tags/" />
    <category term="kylecroxall" scheme="http://www.flickr.com/photos/tags/" />
    <category term="jeanguychouiard" scheme="http://www.flickr.com/photos/tags/" />
    <displaycategories>
            </displaycategories>
    </entry>

<entry>
    <title>IMG_6962</title>
    <link rel="alternate" type="text/html" href="http://www.flickr.com/photos/73541375@N05/12729535295/"/>
    <id>tag:flickr.com,2005:/photo/12729535295</id>
    <published>2014-02-23T21:22:49Z</published>
    <updated>2014-02-23T21:22:49Z</updated>
    <flickr:date_taken>2014-02-20T12:34:59-08:00</flickr:date_taken>
    <dc:date.Taken>2014-02-20T12:34:59-08:00</dc:date.Taken>
    <content type="html">			&lt;p&gt;&lt;a href=&quot;http://www.flickr.com/people/73541375@N05/&quot;&gt;Angus Walters&lt;/a&gt; posted a photo:&lt;/p&gt;
	
&lt;p&gt;&lt;a href=&quot;http://www.flickr.com/photos/73541375@N05/12729535295/&quot; title=&quot;IMG_6962&quot;&gt;&lt;img src=&quot;https://farm6.staticflickr.com/5518/12729535295_9328097951_m.jpg&quot; width=&quot;240&quot; height=&quot;160&quot; alt=&quot;IMG_6962&quot; /&gt;&lt;/a&gt;&lt;/p&gt;

</content>
    <author>
      <name>Angus Walters</name>
      <uri>http://www.flickr.com/people/73541375@N05/</uri>
      <flickr:nsid>73541375@N05</flickr:nsid>
      <flickr:buddyicon>https://farm3.staticflickr.com/2843/buddyicons/73541375@N05.jpg?1393188364#73541375@N05</flickr:buddyicon>
    </author>
    <link rel="enclosure" type="image/jpeg" href="https://farm6.staticflickr.com/5518/12729535295_9328097951_b.jpg" />
    <category term="" scheme="http://www.flickr.com/photos/tags/" />
    <displaycategories>
            </displaycategories>
    </entry>

<entry>
    <title>IMG_1994</title>
    <link rel="alternate" type="text/html" href="http://www.flickr.com/photos/thommyix/12729535635/"/>
    <id>tag:flickr.com,2005:/photo/12729535635</id>
    <published>2014-02-23T21:22:50Z</published>
    <updated>2014-02-23T21:22:50Z</updated>
    <flickr:date_taken>2014-01-27T14:04:35-08:00</flickr:date_taken>
    <dc:date.Taken>2014-01-27T14:04:35-08:00</dc:date.Taken>
    <content type="html">			&lt;p&gt;&lt;a href=&quot;http://www.flickr.com/people/thommyix/&quot;&gt;Thommyix&lt;/a&gt; posted a photo:&lt;/p&gt;
	
&lt;p&gt;&lt;a href=&quot;http://www.flickr.com/photos/thommyix/12729535635/&quot; title=&quot;IMG_1994&quot;&gt;&lt;img src=&quot;https://farm4.staticflickr.com/3746/12729535635_b9c4921391_m.jpg&quot; width=&quot;240&quot; height=&quot;160&quot; alt=&quot;IMG_1994&quot; /&gt;&lt;/a&gt;&lt;/p&gt;

</content>
    <author>
      <name>Thommyix</name>
      <uri>http://www.flickr.com/people/thommyix/</uri>
      <flickr:nsid>23323386@N00</flickr:nsid>
      <flickr:buddyicon>https://farm1.staticflickr.com/121/buddyicons/23323386@N00.jpg?1163971831#23323386@N00</flickr:buddyicon>
    </author>
    <link rel="enclosure" type="image/jpeg" href="https://farm4.staticflickr.com/3746/12729535635_b9c4921391_b.jpg" />
    <category term="" scheme="http://www.flickr.com/photos/tags/" />
    <displaycategories>
            </displaycategories>
    </entry>

<entry>
    <title>2009-01-09__20-06_002</title>
    <link rel="alternate" type="text/html" href="http://www.flickr.com/photos/117650514@N05/12729536485/"/>
    <id>tag:flickr.com,2005:/photo/12729536485</id>
    <published>2014-02-23T21:22:52Z</published>
    <updated>2014-02-23T21:22:52Z</updated>
    <flickr:date_taken>2009-01-09T20:06:24-08:00</flickr:date_taken>
    <dc:date.Taken>2009-01-09T20:06:24-08:00</dc:date.Taken>
    <content type="html">			&lt;p&gt;&lt;a href=&quot;http://www.flickr.com/people/117650514@N05/&quot;&gt;sharktm&lt;/a&gt; posted a photo:&lt;/p&gt;
	
&lt;p&gt;&lt;a href=&quot;http://www.flickr.com/photos/117650514@N05/12729536485/&quot; title=&quot;2009-01-09__20-06_002&quot;&gt;&lt;img src=&quot;https://farm4.staticflickr.com/3786/12729536485_1e74384d2b_m.jpg&quot; width=&quot;240&quot; height=&quot;180&quot; alt=&quot;2009-01-09__20-06_002&quot; /&gt;&lt;/a&gt;&lt;/p&gt;

</content>
    <author>
      <name>sharktm</name>
      <uri>http://www.flickr.com/people/117650514@N05/</uri>
      <flickr:nsid>117650514@N05</flickr:nsid>
      <flickr:buddyicon>https://s.yimg.com/pw/images/buddyicon02.png#117650514@N05</flickr:buddyicon>
    </author>
    <link rel="enclosure" type="image/jpeg" href="https://farm4.staticflickr.com/3786/12729536485_1e74384d2b_b.jpg" />
    <category term="" scheme="http://www.flickr.com/photos/tags/" />
    <displaycategories>
            </displaycategories>
    </entry>

<entry>
    <title>Barry's DT Swiss 585 rims and White Ind T11 hubs</title>
    <link rel="alternate" type="text/html" href="http://www.flickr.com/photos/wheelworks-nz/12729536955/"/>
    <id>tag:flickr.com,2005:/photo/12729536955</id>
    <published>2014-02-23T21:22:53Z</published>
    <updated>2014-02-23T21:22:53Z</updated>
    <flickr:date_taken>2014-02-21T12:19:46-08:00</flickr:date_taken>
    <dc:date.Taken>2014-02-21T12:19:46-08:00</dc:date.Taken>
    <content type="html">			&lt;p&gt;&lt;a href=&quot;http://www.flickr.com/people/wheelworks-nz/&quot;&gt;wheelworks.co.nz&lt;/a&gt; posted a photo:&lt;/p&gt;
	
&lt;p&gt;&lt;a href=&quot;http://www.flickr.com/photos/wheelworks-nz/12729536955/&quot; title=&quot;Barry's DT Swiss 585 rims and White Ind T11 hubs&quot;&gt;&lt;img src=&quot;https://farm8.staticflickr.com/7349/12729536955_892be75cfe_m.jpg&quot; width=&quot;240&quot; height=&quot;159&quot; alt=&quot;Barry's DT Swiss 585 rims and White Ind T11 hubs&quot; /&gt;&lt;/a&gt;&lt;/p&gt;

&lt;p&gt;Barry wanted a pair of wheels for his Trek Madone which would be durable.&lt;br /&gt;
&lt;br /&gt;
We used the excellent DT Swiss 585 rim.  This rim is 30mm deep and&lt;br /&gt;
extremely stiff.  They build up really well and they've got fantastic&lt;br /&gt;
durability.&lt;br /&gt;
&lt;br /&gt;
White Industries T11 hubs are the go-to hubset for larger, more&lt;br /&gt;
powerful riders. The steel axle, oversized bearings, and titanium&lt;br /&gt;
freehub body do a great job of keeping the hubs rolling smoothly for&lt;br /&gt;
years and year, and the wide flange spacing builds into a stiff&lt;br /&gt;
wheelset.&lt;br /&gt;
&lt;br /&gt;
For Barry's wheels we used DT Swiss Competition spokes with brass&lt;br /&gt;
nipples.  As with all our wheelsets Barry's has a lifetime guarantee&lt;br /&gt;
against broken spokes.&lt;br /&gt;
&lt;br /&gt;
Red decals and Barry's nickname round out the wheelset.&lt;/p&gt;</content>
    <author>
      <name>wheelworks.co.nz</name>
      <uri>http://www.flickr.com/people/wheelworks-nz/</uri>
      <flickr:nsid>38132463@N04</flickr:nsid>
      <flickr:buddyicon>https://farm4.staticflickr.com/3335/buddyicons/38132463@N04.jpg?1241643279#38132463@N04</flickr:buddyicon>
    </author>
    <link rel="enclosure" type="image/jpeg" href="https://farm8.staticflickr.com/7349/12729536955_892be75cfe_b.jpg" />
    <category term="" scheme="http://www.flickr.com/photos/tags/" />
    <displaycategories>
            </displaycategories>
    </entry>

<entry>
    <title>2/2104 Rīga</title>
    <link rel="alternate" type="text/html" href="http://www.flickr.com/photos/garbuzar/12729690333/"/>
    <id>tag:flickr.com,2005:/photo/12729690333</id>
    <published>2014-02-23T21:22:45Z</published>
    <updated>2014-02-23T21:22:45Z</updated>
    <flickr:date_taken>2014-02-16T14:23:39-08:00</flickr:date_taken>
    <dc:date.Taken>2014-02-16T14:23:39-08:00</dc:date.Taken>
    <content type="html">			&lt;p&gt;&lt;a href=&quot;http://www.flickr.com/people/garbuzar/&quot;&gt;garbuzar&lt;/a&gt; posted a photo:&lt;/p&gt;
	
&lt;p&gt;&lt;a href=&quot;http://www.flickr.com/photos/garbuzar/12729690333/&quot; title=&quot;2/2104 Rīga&quot;&gt;&lt;img src=&quot;https://farm4.staticflickr.com/3829/12729690333_27ec36984a_m.jpg&quot; width=&quot;240&quot; height=&quot;180&quot; alt=&quot;2/2104 Rīga&quot; /&gt;&lt;/a&gt;&lt;/p&gt;

</content>
    <author>
      <name>garbuzar</name>
      <uri>http://www.flickr.com/people/garbuzar/</uri>
      <flickr:nsid>32693345@N03</flickr:nsid>
      <flickr:buddyicon>https://farm4.staticflickr.com/3294/buddyicons/32693345@N03.jpg?1228930841#32693345@N03</flickr:buddyicon>
    </author>
    <link rel="enclosure" type="image/jpeg" href="https://farm4.staticflickr.com/3829/12729690333_27ec36984a_b.jpg" />
    <category term="latvia" scheme="http://www.flickr.com/photos/tags/" />
    <category term="riga" scheme="http://www.flickr.com/photos/tags/" />
    <category term="pardaugava" scheme="http://www.flickr.com/photos/tags/" />
    <displaycategories>
            </displaycategories>
    </entry>

<entry>
    <title>DSC_2642</title>
    <link rel="alternate" type="text/html" href="http://www.flickr.com/photos/vanessamae/12729690693/"/>
    <id>tag:flickr.com,2005:/photo/12729690693</id>
    <published>2014-02-23T21:22:46Z</published>
    <updated>2014-02-23T21:22:46Z</updated>
    <flickr:date_taken>2014-02-22T21:21:42-08:00</flickr:date_taken>
    <dc:date.Taken>2014-02-22T21:21:42-08:00</dc:date.Taken>
    <content type="html">			&lt;p&gt;&lt;a href=&quot;http://www.flickr.com/people/vanessamae/&quot;&gt;vanessamae01&lt;/a&gt; posted a photo:&lt;/p&gt;
	
&lt;p&gt;&lt;a href=&quot;http://www.flickr.com/photos/vanessamae/12729690693/&quot; title=&quot;DSC_2642&quot;&gt;&lt;img src=&quot;https://farm4.staticflickr.com/3683/12729690693_3c1a01e8c7_m.jpg&quot; width=&quot;240&quot; height=&quot;159&quot; alt=&quot;DSC_2642&quot; /&gt;&lt;/a&gt;&lt;/p&gt;

</content>
    <author>
      <name>vanessamae01</name>
      <uri>http://www.flickr.com/people/vanessamae/</uri>
      <flickr:nsid>70156225@N00</flickr:nsid>
      <flickr:buddyicon>https://farm8.staticflickr.com/7450/buddyicons/70156225@N00.jpg?1369619342#70156225@N00</flickr:buddyicon>
    </author>
    <link rel="enclosure" type="image/jpeg" href="https://farm4.staticflickr.com/3683/12729690693_3c1a01e8c7_b.jpg" />
    <category term="" scheme="http://www.flickr.com/photos/tags/" />
    <displaycategories>
            </displaycategories>
    </entry>

<entry>
    <title>iPhone Album -</title>
    <link rel="alternate" type="text/html" href="http://www.flickr.com/photos/foto_artefice/12729691443/"/>
    <id>tag:flickr.com,2005:/photo/12729691443</id>
    <published>2014-02-23T21:22:49Z</published>
    <updated>2014-02-23T21:22:49Z</updated>
    <flickr:date_taken>2013-07-02T18:50:51-08:00</flickr:date_taken>
    <dc:date.Taken>2013-07-02T18:50:51-08:00</dc:date.Taken>
    <content type="html">			&lt;p&gt;&lt;a href=&quot;http://www.flickr.com/people/foto_artefice/&quot;&gt;seedlinggirl / ashley martin&lt;/a&gt; posted a photo:&lt;/p&gt;
	
&lt;p&gt;&lt;a href=&quot;http://www.flickr.com/photos/foto_artefice/12729691443/&quot; title=&quot;iPhone Album -&quot;&gt;&lt;img src=&quot;https://farm4.staticflickr.com/3725/12729691443_66825dd88c_m.jpg&quot; width=&quot;240&quot; height=&quot;180&quot; alt=&quot;iPhone Album -&quot; /&gt;&lt;/a&gt;&lt;/p&gt;

&lt;p&gt;September 2012 to February 2014&lt;/p&gt;</content>
    <author>
      <name>seedlinggirl / ashley martin</name>
      <uri>http://www.flickr.com/people/foto_artefice/</uri>
      <flickr:nsid>11462850@N00</flickr:nsid>
      <flickr:buddyicon>https://farm4.staticflickr.com/3753/buddyicons/11462850@N00.jpg?1388419952#11462850@N00</flickr:buddyicon>
    </author>
    <link rel="enclosure" type="image/jpeg" href="https://farm4.staticflickr.com/3725/12729691443_66825dd88c_b.jpg" />
    <category term="uploaded:by=flickrmobile" scheme="http://www.flickr.com/photos/tags/" />
    <category term="flickriosapp:filter=nofilter" scheme="http://www.flickr.com/photos/tags/" />
    <displaycategories>
            </displaycategories>
    </entry>

<entry>
    <title>Dever cívico de domingo cumprido ☀️✅</title>
    <link rel="alternate" type="text/html" href="http://www.flickr.com/photos/fernanda/12729691953/"/>
    <id>tag:flickr.com,2005:/photo/12729691953</id>
    <published>2014-02-23T21:22:50Z</published>
    <updated>2014-02-23T21:22:50Z</updated>
    <flickr:date_taken>2014-02-23T18:22:50-08:00</flickr:date_taken>
    <dc:date.Taken>2014-02-23T18:22:50-08:00</dc:date.Taken>
    <content type="html">			&lt;p&gt;&lt;a href=&quot;http://www.flickr.com/people/fernanda/&quot;&gt;fernanda vieira&lt;/a&gt; posted a photo:&lt;/p&gt;
	
&lt;p&gt;&lt;a href=&quot;http://www.flickr.com/photos/fernanda/12729691953/&quot; title=&quot;Dever cívico de domingo cumprido ☀️✅&quot;&gt;&lt;img src=&quot;https://farm8.staticflickr.com/7314/12729691953_7a03c1eb33_m.jpg&quot; width=&quot;240&quot; height=&quot;240&quot; alt=&quot;Dever cívico de domingo cumprido ☀️✅&quot; /&gt;&lt;/a&gt;&lt;/p&gt;

</content>
    <author>
      <name>fernanda vieira</name>
      <uri>http://www.flickr.com/people/fernanda/</uri>
      <flickr:nsid>45642619@N00</flickr:nsid>
      <flickr:buddyicon>https://farm1.staticflickr.com/156/buddyicons/45642619@N00.jpg?1167194751#45642619@N00</flickr:buddyicon>
    </author>
    <link rel="enclosure" type="image/jpeg" href="https://farm8.staticflickr.com/7314/12729691953_7a03c1eb33_b.jpg" />
    <category term="square" scheme="http://www.flickr.com/photos/tags/" />
    <category term="squareformat" scheme="http://www.flickr.com/photos/tags/" />
    <category term="iphoneography" scheme="http://www.flickr.com/photos/tags/" />
    <category term="instagramapp" scheme="http://www.flickr.com/photos/tags/" />
    <category term="uploaded:by=instagram" scheme="http://www.flickr.com/photos/tags/" />
    <displaycategories>
            </displaycategories>
    </entry>

<entry>
    <title>Winter in the Cairngorms</title>
    <link rel="alternate" type="text/html" href="http://www.flickr.com/photos/81598708@N02/12729692473/"/>
    <id>tag:flickr.com,2005:/photo/12729692473</id>
    <published>2014-02-23T21:22:52Z</published>
    <updated>2014-02-23T21:22:52Z</updated>
    <flickr:date_taken>2014-02-23T13:22:52-08:00</flickr:date_taken>
    <dc:date.Taken>2014-02-23T13:22:52-08:00</dc:date.Taken>
    <content type="html">			&lt;p&gt;&lt;a href=&quot;http://www.flickr.com/people/81598708@N02/&quot;&gt;37ferret&lt;/a&gt; posted a photo:&lt;/p&gt;
	
&lt;p&gt;&lt;a href=&quot;http://www.flickr.com/photos/81598708@N02/12729692473/&quot; title=&quot;Winter in the Cairngorms&quot;&gt;&lt;img src=&quot;https://farm6.staticflickr.com/5495/12729692473_321f09f422_m.jpg&quot; width=&quot;240&quot; height=&quot;180&quot; alt=&quot;Winter in the Cairngorms&quot; /&gt;&lt;/a&gt;&lt;/p&gt;

</content>
    <author>
      <name>37ferret</name>
      <uri>http://www.flickr.com/people/81598708@N02/</uri>
      <flickr:nsid>81598708@N02</flickr:nsid>
      <flickr:buddyicon>https://farm4.staticflickr.com/3827/buddyicons/81598708@N02.jpg?1391633127#81598708@N02</flickr:buddyicon>
    </author>
    <link rel="enclosure" type="image/jpeg" href="https://farm6.staticflickr.com/5495/12729692473_321f09f422_b.jpg" />
    <category term="uploaded:by=flickrmobile" scheme="http://www.flickr.com/photos/tags/" />
    <category term="flickriosapp:filter=nofilter" scheme="http://www.flickr.com/photos/tags/" />
    <displaycategories>
            </displaycategories>
    </entry>

<entry>
    <title>IMG_2191</title>
    <link rel="alternate" type="text/html" href="http://www.flickr.com/photos/10821615@N03/12729692733/"/>
    <id>tag:flickr.com,2005:/photo/12729692733</id>
    <published>2014-02-23T21:22:52Z</published>
    <updated>2014-02-23T21:22:52Z</updated>
    <flickr:date_taken>2013-09-23T14:06:03-08:00</flickr:date_taken>
    <dc:date.Taken>2013-09-23T14:06:03-08:00</dc:date.Taken>
    <content type="html">			&lt;p&gt;&lt;a href=&quot;http://www.flickr.com/people/10821615@N03/&quot;&gt;benwhite1980&lt;/a&gt; posted a photo:&lt;/p&gt;
	
&lt;p&gt;&lt;a href=&quot;http://www.flickr.com/photos/10821615@N03/12729692733/&quot; title=&quot;IMG_2191&quot;&gt;&lt;img src=&quot;https://farm4.staticflickr.com/3819/12729692733_f2ffc0160a_m.jpg&quot; width=&quot;240&quot; height=&quot;160&quot; alt=&quot;IMG_2191&quot; /&gt;&lt;/a&gt;&lt;/p&gt;

</content>
    <author>
      <name>benwhite1980</name>
      <uri>http://www.flickr.com/people/10821615@N03/</uri>
      <flickr:nsid>10821615@N03</flickr:nsid>
      <flickr:buddyicon>https://farm8.staticflickr.com/7405/buddyicons/10821615@N03.jpg?1369943709#10821615@N03</flickr:buddyicon>
    </author>
    <link rel="enclosure" type="image/jpeg" href="https://farm4.staticflickr.com/3819/12729692733_f2ffc0160a_b.jpg" />
    <category term="" scheme="http://www.flickr.com/photos/tags/" />
    <displaycategories>
            </displaycategories>
    </entry>

<entry>
    <title>DSCF2483.jpg</title>
    <link rel="alternate" type="text/html" href="http://www.flickr.com/photos/sodapop66/12730011374/"/>
    <id>tag:flickr.com,2005:/photo/12730011374</id>
    <published>2014-02-23T21:22:46Z</published>
    <updated>2014-02-23T21:22:46Z</updated>
    <flickr:date_taken>2014-02-07T08:03:10-08:00</flickr:date_taken>
    <dc:date.Taken>2014-02-07T08:03:10-08:00</dc:date.Taken>
    <content type="html">			&lt;p&gt;&lt;a href=&quot;http://www.flickr.com/people/sodapop66/&quot;&gt;thierrytutin&lt;/a&gt; posted a photo:&lt;/p&gt;
	
&lt;p&gt;&lt;a href=&quot;http://www.flickr.com/photos/sodapop66/12730011374/&quot; title=&quot;DSCF2483.jpg&quot;&gt;&lt;img src=&quot;https://farm8.staticflickr.com/7313/12730011374_fcebfd2074_m.jpg&quot; width=&quot;160&quot; height=&quot;240&quot; alt=&quot;DSCF2483.jpg&quot; /&gt;&lt;/a&gt;&lt;/p&gt;

</content>
    <author>
      <name>thierrytutin</name>
      <uri>http://www.flickr.com/people/sodapop66/</uri>
      <flickr:nsid>7902428@N08</flickr:nsid>
      <flickr:buddyicon>https://farm6.staticflickr.com/5482/buddyicons/7902428@N08.jpg?1384637440#7902428@N08</flickr:buddyicon>
    </author>
    <link rel="enclosure" type="image/jpeg" href="https://farm8.staticflickr.com/7313/12730011374_fcebfd2074_b.jpg" />
    <category term="" scheme="http://www.flickr.com/photos/tags/" />
    <displaycategories>
            </displaycategories>
    </entry>

<entry>
    <title>20140222-_IGP6920.jpg</title>
    <link rel="alternate" type="text/html" href="http://www.flickr.com/photos/77626588@N00/12730011544/"/>
    <id>tag:flickr.com,2005:/photo/12730011544</id>
    <published>2014-02-23T21:22:47Z</published>
    <updated>2014-02-23T21:22:47Z</updated>
    <flickr:date_taken>2014-02-22T15:37:56-08:00</flickr:date_taken>
    <dc:date.Taken>2014-02-22T15:37:56-08:00</dc:date.Taken>
    <content type="html">			&lt;p&gt;&lt;a href=&quot;http://www.flickr.com/people/77626588@N00/&quot;&gt;jeffnortham&lt;/a&gt; posted a photo:&lt;/p&gt;
	
&lt;p&gt;&lt;a href=&quot;http://www.flickr.com/photos/77626588@N00/12730011544/&quot; title=&quot;20140222-_IGP6920.jpg&quot;&gt;&lt;img src=&quot;https://farm8.staticflickr.com/7348/12730011544_d69c6610c4_m.jpg&quot; width=&quot;240&quot; height=&quot;159&quot; alt=&quot;20140222-_IGP6920.jpg&quot; /&gt;&lt;/a&gt;&lt;/p&gt;

</content>
    <author>
      <name>jeffnortham</name>
      <uri>http://www.flickr.com/people/77626588@N00/</uri>
      <flickr:nsid>77626588@N00</flickr:nsid>
      <flickr:buddyicon>https://farm7.staticflickr.com/6220/buddyicons/77626588@N00.jpg?1320991472#77626588@N00</flickr:buddyicon>
    </author>
    <link rel="enclosure" type="image/jpeg" href="https://farm8.staticflickr.com/7348/12730011544_d69c6610c4_b.jpg" />
    <category term="silverman" scheme="http://www.flickr.com/photos/tags/" />
    <displaycategories>
            </displaycategories>
    </entry>

<entry>
    <title>2011 Weltreise 017 NY Coney Island</title>
    <link rel="alternate" type="text/html" href="http://www.flickr.com/photos/114084294@N07/12730011814/"/>
    <id>tag:flickr.com,2005:/photo/12730011814</id>
    <published>2014-02-23T21:22:47Z</published>
    <updated>2014-02-23T21:22:47Z</updated>
    <flickr:date_taken>2010-09-29T21:59:15-08:00</flickr:date_taken>
    <dc:date.Taken>2010-09-29T21:59:15-08:00</dc:date.Taken>
    <content type="html">			&lt;p&gt;&lt;a href=&quot;http://www.flickr.com/people/114084294@N07/&quot;&gt;Thomas Schichtl&lt;/a&gt; posted a photo:&lt;/p&gt;
	
&lt;p&gt;&lt;a href=&quot;http://www.flickr.com/photos/114084294@N07/12730011814/&quot; title=&quot;2011 Weltreise 017 NY Coney Island&quot;&gt;&lt;img src=&quot;https://farm8.staticflickr.com/7395/12730011814_d528495a80_m.jpg&quot; width=&quot;240&quot; height=&quot;160&quot; alt=&quot;2011 Weltreise 017 NY Coney Island&quot; /&gt;&lt;/a&gt;&lt;/p&gt;

</content>
    <author>
      <name>Thomas Schichtl</name>
      <uri>http://www.flickr.com/people/114084294@N07/</uri>
      <flickr:nsid>114084294@N07</flickr:nsid>
      <flickr:buddyicon>https://farm8.staticflickr.com/7337/buddyicons/114084294@N07.jpg?1389457560#114084294@N07</flickr:buddyicon>
    </author>
    <link rel="enclosure" type="image/jpeg" href="https://farm8.staticflickr.com/7395/12730011814_d528495a80_b.jpg" />
    <category term="" scheme="http://www.flickr.com/photos/tags/" />
    <displaycategories>
            </displaycategories>
    </entry>

<entry>
    <title>DSC_0193-Bearbeitet.jpg</title>
    <link rel="alternate" type="text/html" href="http://www.flickr.com/photos/schikoma/12730011944/"/>
    <id>tag:flickr.com,2005:/photo/12730011944</id>
    <published>2014-02-23T21:22:48Z</published>
    <updated>2014-02-23T21:22:48Z</updated>
    <flickr:date_taken>2014-02-23T17:56:31-08:00</flickr:date_taken>
    <dc:date.Taken>2014-02-23T17:56:31-08:00</dc:date.Taken>
    <content type="html">			&lt;p&gt;&lt;a href=&quot;http://www.flickr.com/people/schikoma/&quot;&gt;Owwski&lt;/a&gt; posted a photo:&lt;/p&gt;
	
&lt;p&gt;&lt;a href=&quot;http://www.flickr.com/photos/schikoma/12730011944/&quot; title=&quot;DSC_0193-Bearbeitet.jpg&quot;&gt;&lt;img src=&quot;https://farm8.staticflickr.com/7387/12730011944_2a95cc57fa_m.jpg&quot; width=&quot;240&quot; height=&quot;160&quot; alt=&quot;DSC_0193-Bearbeitet.jpg&quot; /&gt;&lt;/a&gt;&lt;/p&gt;

</content>
    <author>
      <name>Owwski</name>
      <uri>http://www.flickr.com/people/schikoma/</uri>
      <flickr:nsid>43243585@N06</flickr:nsid>
      <flickr:buddyicon>https://farm6.staticflickr.com/5483/buddyicons/43243585@N06.jpg?1389603208#43243585@N06</flickr:buddyicon>
    </author>
    <link rel="enclosure" type="image/jpeg" href="https://farm8.staticflickr.com/7387/12730011944_2a95cc57fa_b.jpg" />
    <category term="" scheme="http://www.flickr.com/photos/tags/" />
    <displaycategories>
            </displaycategories>
    </entry>

<entry>
    <title>P1020983</title>
    <link rel="alternate" type="text/html" href="http://www.flickr.com/photos/116855661@N02/12730012044/"/>
    <id>tag:flickr.com,2005:/photo/12730012044</id>
    <published>2014-02-23T21:22:48Z</published>
    <updated>2014-02-23T21:22:48Z</updated>
    <flickr:date_taken>2013-02-06T12:48:33-08:00</flickr:date_taken>
    <dc:date.Taken>2013-02-06T12:48:33-08:00</dc:date.Taken>
    <content type="html">			&lt;p&gt;&lt;a href=&quot;http://www.flickr.com/people/116855661@N02/&quot;&gt;MicNagels&lt;/a&gt; posted a photo:&lt;/p&gt;
	
&lt;p&gt;&lt;a href=&quot;http://www.flickr.com/photos/116855661@N02/12730012044/&quot; title=&quot;P1020983&quot;&gt;&lt;img src=&quot;https://farm3.staticflickr.com/2861/12730012044_82a723e062_m.jpg&quot; width=&quot;240&quot; height=&quot;180&quot; alt=&quot;P1020983&quot; /&gt;&lt;/a&gt;&lt;/p&gt;

</content>
    <author>
      <name>MicNagels</name>
      <uri>http://www.flickr.com/people/116855661@N02/</uri>
      <flickr:nsid>116855661@N02</flickr:nsid>
      <flickr:buddyicon>https://s.yimg.com/pw/images/buddyicon01.png#116855661@N02</flickr:buddyicon>
    </author>
    <link rel="enclosure" type="image/jpeg" href="https://farm3.staticflickr.com/2861/12730012044_82a723e062_b.jpg" />
    <category term="" scheme="http://www.flickr.com/photos/tags/" />
    <displaycategories>
            </displaycategories>
    </entry>

<entry>
    <title>(Untitled)</title>
    <link rel="alternate" type="text/html" href="http://www.flickr.com/photos/kinilao/12730012874/"/>
    <id>tag:flickr.com,2005:/photo/12730012874</id>
    <published>2014-02-23T21:22:50Z</published>
    <updated>2014-02-23T21:22:50Z</updated>
    <flickr:date_taken>2003-10-30T10:36:36-08:00</flickr:date_taken>
    <dc:date.Taken>2003-10-30T10:36:36-08:00</dc:date.Taken>
    <content type="html">			&lt;p&gt;&lt;a href=&quot;http://www.flickr.com/people/kinilao/&quot;&gt;renatolacang&lt;/a&gt; posted a photo:&lt;/p&gt;
	
&lt;p&gt;&lt;a href=&quot;http://www.flickr.com/photos/kinilao/12730012874/&quot; title=&quot;&quot;&gt;&lt;img src=&quot;https://farm3.staticflickr.com/2850/12730012874_2f0fc074ed_m.jpg&quot; width=&quot;240&quot; height=&quot;180&quot; alt=&quot;&quot; /&gt;&lt;/a&gt;&lt;/p&gt;

</content>
    <author>
      <name>renatolacang</name>
      <uri>http://www.flickr.com/people/kinilao/</uri>
      <flickr:nsid>71969256@N00</flickr:nsid>
      <flickr:buddyicon>https://farm1.staticflickr.com/143/buddyicons/71969256@N00.jpg?1169179547#71969256@N00</flickr:buddyicon>
    </author>
    <link rel="enclosure" type="image/jpeg" href="https://farm3.staticflickr.com/2850/12730012874_2f0fc074ed_b.jpg" />
    <category term="" scheme="http://www.flickr.com/photos/tags/" />
    <displaycategories>
            </displaycategories>
    </entry>

<entry>
    <title>DSC_0500</title>
    <link rel="alternate" type="text/html" href="http://www.flickr.com/photos/belashti/12730013184/"/>
    <id>tag:flickr.com,2005:/photo/12730013184</id>
    <published>2014-02-23T21:22:51Z</published>
    <updated>2014-02-23T21:22:51Z</updated>
    <flickr:date_taken>2014-02-15T14:54:44-08:00</flickr:date_taken>
    <dc:date.Taken>2014-02-15T14:54:44-08:00</dc:date.Taken>
    <content type="html">			&lt;p&gt;&lt;a href=&quot;http://www.flickr.com/people/belashti/&quot;&gt;belashti&lt;/a&gt; posted a photo:&lt;/p&gt;
	
&lt;p&gt;&lt;a href=&quot;http://www.flickr.com/photos/belashti/12730013184/&quot; title=&quot;DSC_0500&quot;&gt;&lt;img src=&quot;https://farm3.staticflickr.com/2830/12730013184_6e5703a147_m.jpg&quot; width=&quot;240&quot; height=&quot;159&quot; alt=&quot;DSC_0500&quot; /&gt;&lt;/a&gt;&lt;/p&gt;

</content>
    <author>
      <name>belashti</name>
      <uri>http://www.flickr.com/people/belashti/</uri>
      <flickr:nsid>23087585@N02</flickr:nsid>
      <flickr:buddyicon>https://farm8.staticflickr.com/7391/buddyicons/23087585@N02.jpg?1373326444#23087585@N02</flickr:buddyicon>
    </author>
    <link rel="enclosure" type="image/jpeg" href="https://farm3.staticflickr.com/2830/12730013184_6e5703a147_b.jpg" />
    <category term="" scheme="http://www.flickr.com/photos/tags/" />
    <displaycategories>
            </displaycategories>
    </entry>

<entry>
    <title>An Edit of my photo</title>
    <link rel="alternate" type="text/html" href="http://www.flickr.com/photos/arty_kat/12730013714/"/>
    <id>tag:flickr.com,2005:/photo/12730013714</id>
    <published>2014-02-23T21:22:53Z</published>
    <updated>2014-02-23T21:22:53Z</updated>
    <flickr:date_taken>2014-02-23T16:22:53-08:00</flickr:date_taken>
    <dc:date.Taken>2014-02-23T16:22:53-08:00</dc:date.Taken>
    <content type="html">			&lt;p&gt;&lt;a href=&quot;http://www.flickr.com/people/arty_kat/&quot;&gt;Arty_Kat&lt;/a&gt; posted a photo:&lt;/p&gt;
	
&lt;p&gt;&lt;a href=&quot;http://www.flickr.com/photos/arty_kat/12730013714/&quot; title=&quot;An Edit of my photo&quot;&gt;&lt;img src=&quot;https://farm8.staticflickr.com/7370/12730013714_5bf1aa0112_m.jpg&quot; width=&quot;160&quot; height=&quot;240&quot; alt=&quot;An Edit of my photo&quot; /&gt;&lt;/a&gt;&lt;/p&gt;

&lt;p&gt;  &lt;br /&gt;
&lt;i&gt;via &lt;a href=&quot;http://itunes.apple.com/us/app/titlefx/id585663626?mt=8&amp;amp;uo=4&amp;amp;at=11l4JW&amp;amp;ct=TFX-referal-flickr&quot; target=&quot;_blank&quot; rel=&quot;nofollow&quot;&gt;TitleFx&lt;/a&gt;&lt;/i&gt;&lt;/p&gt;</content>
    <author>
      <name>Arty_Kat</name>
      <uri>http://www.flickr.com/people/arty_kat/</uri>
      <flickr:nsid>77889831@N04</flickr:nsid>
      <flickr:buddyicon>https://farm8.staticflickr.com/7336/buddyicons/77889831@N04.jpg?1377756318#77889831@N04</flickr:buddyicon>
    </author>
    <link rel="enclosure" type="image/jpeg" href="https://farm8.staticflickr.com/7370/12730013714_5bf1aa0112_b.jpg" />
    <category term="countryside" scheme="http://www.flickr.com/photos/tags/" />
    <category term="fencepost" scheme="http://www.flickr.com/photos/tags/" />
    <category term="portray" scheme="http://www.flickr.com/photos/tags/" />
    <category term="titlefx" scheme="http://www.flickr.com/photos/tags/" />
    <displaycategories>
            </displaycategories>
    </entry>


</feed>